2024-07-02 00:58:15.971 [info] Extension host with pid 613 started
2024-07-02 00:58:15.976 [info] Lock '/workspace/.vscode-remote/data/User/workspaceStorage/2e601282/vscode.lock': Lock acquired.
2024-07-02 00:58:16.096 [info] ExtensionService#_doActivateExtension gitpod.gitpod-web, startup: false, activationEvent: 'onAuthenticationRequest:gitpod'
2024-07-02 00:58:16.526 [info] ExtensionService#_doActivateExtension vscode.git-base, startup: true, activationEvent: '*', root cause: vscode.git
2024-07-02 00:58:16.697 [info] ExtensionService#_doActivateExtension vscode.git, startup: true, activationEvent: '*'
2024-07-02 00:58:16.697 [info] ExtensionService#_doActivateExtension vscode.github, startup: true, activationEvent: '*'
2024-07-02 00:58:16.982 [info] ExtensionService#_doActivateExtension redhat.vscode-yaml, startup: false, activationEvent: 'onLanguage:yaml'
2024-07-02 00:58:16.983 [info] ExtensionService#_doActivateExtension vscode.emmet, startup: false, activationEvent: 'onLanguage'
2024-07-02 00:58:17.131 [info] Eager extensions activated
2024-07-02 00:58:17.131 [info] ExtensionService#_doActivateExtension vscode.debug-auto-launch, startup: false, activationEvent: 'onStartupFinished'
2024-07-02 00:58:17.131 [info] ExtensionService#_doActivateExtension vscode.merge-conflict, startup: false, activationEvent: 'onStartupFinished'
2024-07-02 00:58:17.132 [info] ExtensionService#_doActivateExtension vscode.github-authentication, startup: false, activationEvent: 'onStartupFinished', root cause: GitHub.vscode-pull-request-github
2024-07-02 00:58:17.332 [info] ExtensionService#_doActivateExtension GitHub.vscode-pull-request-github, startup: false, activationEvent: 'onStartupFinished'
2024-07-02 00:58:17.621 [warning] [redhat.vscode-yaml] Accessing a resource scoped configuration without providing a resource is not expected. To get the effective value for '[yaml]', provide the URI of a resource or 'null' for any resource.
2024-07-02 00:58:17.623 [warning] [redhat.vscode-yaml] Accessing a resource scoped configuration without providing a resource is not expected. To get the effective value for '[yaml]', provide the URI of a resource or 'null' for any resource.
2024-07-02 00:58:18.630 [info] ExtensionService#_doActivateExtension vscode.json-language-features, startup: false, activationEvent: 'onLanguage:jsonc'
2024-07-02 00:58:18.631 [info] ExtensionService#_doActivateExtension vscode.typescript-language-features, startup: false, activationEvent: 'onLanguage:jsonc'
2024-07-02 00:58:37.716 [info] ExtensionService#_doActivateExtension CodeRoad.coderoad, startup: false, activationEvent: 'onCommand:coderoad.start'
2024-07-02 01:01:39.553 [info] ExtensionService#_doActivateExtension vscode.npm, startup: false, activationEvent: 'onTerminalQuickFixRequest:ms-vscode.npm-command'
2024-07-02 02:07:56.810 [info] Extension host terminating: received terminate message from renderer
2024-07-02 02:07:56.811 [info] Lock '/workspace/.vscode-remote/data/User/workspaceStorage/2e601282/vscode.lock': Marking the lockfile as scheduled to be released in 6000 ms.
2024-07-02 02:07:56.834 [error] Canceled: Canceled
	at new A (/ide/out/vs/workbench/api/node/extensionHostProcess.js:143:50615)
	at E.U (/ide/out/vs/workbench/api/node/extensionHostProcess.js:150:6007)
	at z.<computed>.M.charCodeAt.R.CharCode.DollarSign.z.<computed> (/ide/out/vs/workbench/api/node/extensionHostProcess.js:150:3091)
	at h.g (/ide/out/vs/workbench/api/node/extensionHostProcess.js:153:199937)
	at h.executeCommand (/ide/out/vs/workbench/api/node/extensionHostProcess.js:153:199375)
	at I.registerCommand.description (/ide/out/vs/workbench/api/node/extensionHostProcess.js:153:198699)
	at h (/ide/out/vs/workbench/api/node/extensionHostProcess.js:153:200476)
	at h.g (/ide/out/vs/workbench/api/node/extensionHostProcess.js:153:199468)
	at h.executeCommand (/ide/out/vs/workbench/api/node/extensionHostProcess.js:153:199375)
	at Object.executeCommand (/ide/out/vs/workbench/api/node/extensionHostProcess.js:163:22742)
	at n.O [as value] (/ide/extensions/git/dist/main.js:2:945191)
	at l.y (/ide/out/vs/workbench/api/node/extensionHostProcess.js:82:664)
	at l.z (/ide/out/vs/workbench/api/node/extensionHostProcess.js:82:734)
	at l.fire (/ide/out/vs/workbench/api/node/extensionHostProcess.js:82:950)
	at Object.p [as dispose] (/ide/extensions/git/dist/main.js:2:964275)
	at /ide/extensions/git/dist/main.js:2:970313
	at Array.forEach (<anonymous>)
	at f.dispose (/ide/extensions/git/dist/main.js:2:970299)
	at a.<anonymous> (/ide/out/vs/workbench/api/node/extensionHostProcess.js:151:4032)
	at a.dispose (/ide/out/vs/workbench/api/node/extensionHostProcess.js:151:4129)
	at a.<anonymous> (/ide/extensions/git/dist/main.js:2:947448)
	at a.dispose (/ide/out/vs/workbench/api/node/extensionHostProcess.js:151:4129)
	at f (/ide/out/vs/workbench/api/node/extensionHostProcess.js:30:744)
	at u.eb (/ide/out/vs/workbench/api/node/extensionHostProcess.js:159:9991)
	at /ide/out/vs/workbench/api/node/extensionHostProcess.js:159:7867
	at Array.map (<anonymous>)
	at u.$ (/ide/out/vs/workbench/api/node/extensionHostProcess.js:159:7854)
	at u.terminate (/ide/out/vs/workbench/api/node/extensionHostProcess.js:159:8127)
	at f.terminate (/ide/out/vs/workbench/api/node/extensionHostProcess.js:163:1513)
	at t (/ide/out/vs/workbench/api/node/extensionHostProcess.js:176:10459)
	at n.value (/ide/out/vs/workbench/api/node/extensionHostProcess.js:176:8427)
	at l.y (/ide/out/vs/workbench/api/node/extensionHostProcess.js:82:664)
	at l.fire (/ide/out/vs/workbench/api/node/extensionHostProcess.js:82:881)
	at s.fire (/ide/out/vs/workbench/api/node/extensionHostProcess.js:107:14502)
	at h.z (/ide/out/vs/workbench/api/node/extensionHostProcess.js:107:17638)
	at n.value (/ide/out/vs/workbench/api/node/extensionHostProcess.js:107:17012)
	at l.y (/ide/out/vs/workbench/api/node/extensionHostProcess.js:82:664)
	at l.fire (/ide/out/vs/workbench/api/node/extensionHostProcess.js:82:881)
	at u.acceptChunk (/ide/out/vs/workbench/api/node/extensionHostProcess.js:107:12248)
	at n.value (/ide/out/vs/workbench/api/node/extensionHostProcess.js:107:11518)
	at l.y (/ide/out/vs/workbench/api/node/extensionHostProcess.js:82:664)
	at l.fire (/ide/out/vs/workbench/api/node/extensionHostProcess.js:82:881)
	at n.z (/ide/out/vs/workbench/api/node/extensionHostProcess.js:173:20477) setContext undefined
2024-07-02 02:07:56.835 [error] Canceled: Canceled
	at new A (/ide/out/vs/workbench/api/node/extensionHostProcess.js:143:50615)
	at E.U (/ide/out/vs/workbench/api/node/extensionHostProcess.js:150:6007)
	at z.<computed>.M.charCodeAt.R.CharCode.DollarSign.z.<computed> (/ide/out/vs/workbench/api/node/extensionHostProcess.js:150:3091)
	at h.g (/ide/out/vs/workbench/api/node/extensionHostProcess.js:153:199937)
	at h.executeCommand (/ide/out/vs/workbench/api/node/extensionHostProcess.js:153:199375)
	at I.registerCommand.description (/ide/out/vs/workbench/api/node/extensionHostProcess.js:153:198699)
	at h (/ide/out/vs/workbench/api/node/extensionHostProcess.js:153:200476)
	at h.g (/ide/out/vs/workbench/api/node/extensionHostProcess.js:153:199468)
	at h.executeCommand (/ide/out/vs/workbench/api/node/extensionHostProcess.js:153:199375)
	at Object.executeCommand (/ide/out/vs/workbench/api/node/extensionHostProcess.js:163:22742)
	at set hasGitHubRepositories [as hasGitHubRepositories] (/ide/extensions/github/dist/extension.js:2:322969)
	at /ide/extensions/github/dist/extension.js:2:323928
	at n.value (/ide/extensions/git/dist/main.js:2:1050764)
	at l.y (/ide/out/vs/workbench/api/node/extensionHostProcess.js:82:664)
	at l.z (/ide/out/vs/workbench/api/node/extensionHostProcess.js:82:734)
	at l.fire (/ide/out/vs/workbench/api/node/extensionHostProcess.js:82:950)
	at Object.p [as dispose] (/ide/extensions/git/dist/main.js:2:964275)
	at /ide/extensions/git/dist/main.js:2:970313
	at Array.forEach (<anonymous>)
	at f.dispose (/ide/extensions/git/dist/main.js:2:970299)
	at a.<anonymous> (/ide/out/vs/workbench/api/node/extensionHostProcess.js:151:4032)
	at a.dispose (/ide/out/vs/workbench/api/node/extensionHostProcess.js:151:4129)
	at a.<anonymous> (/ide/extensions/git/dist/main.js:2:947448)
	at a.dispose (/ide/out/vs/workbench/api/node/extensionHostProcess.js:151:4129)
	at f (/ide/out/vs/workbench/api/node/extensionHostProcess.js:30:744)
	at u.eb (/ide/out/vs/workbench/api/node/extensionHostProcess.js:159:9991)
	at /ide/out/vs/workbench/api/node/extensionHostProcess.js:159:7867
	at Array.map (<anonymous>)
	at u.$ (/ide/out/vs/workbench/api/node/extensionHostProcess.js:159:7854)
	at u.terminate (/ide/out/vs/workbench/api/node/extensionHostProcess.js:159:8127)
	at f.terminate (/ide/out/vs/workbench/api/node/extensionHostProcess.js:163:1513)
	at t (/ide/out/vs/workbench/api/node/extensionHostProcess.js:176:10459)
	at n.value (/ide/out/vs/workbench/api/node/extensionHostProcess.js:176:8427)
	at l.y (/ide/out/vs/workbench/api/node/extensionHostProcess.js:82:664)
	at l.fire (/ide/out/vs/workbench/api/node/extensionHostProcess.js:82:881)
	at s.fire (/ide/out/vs/workbench/api/node/extensionHostProcess.js:107:14502)
	at h.z (/ide/out/vs/workbench/api/node/extensionHostProcess.js:107:17638)
	at n.value (/ide/out/vs/workbench/api/node/extensionHostProcess.js:107:17012)
	at l.y (/ide/out/vs/workbench/api/node/extensionHostProcess.js:82:664)
	at l.fire (/ide/out/vs/workbench/api/node/extensionHostProcess.js:82:881)
	at u.acceptChunk (/ide/out/vs/workbench/api/node/extensionHostProcess.js:107:12248)
	at n.value (/ide/out/vs/workbench/api/node/extensionHostProcess.js:107:11518)
	at l.y (/ide/out/vs/workbench/api/node/extensionHostProcess.js:82:664)
	at l.fire (/ide/out/vs/workbench/api/node/extensionHostProcess.js:82:881)
	at n.z (/ide/out/vs/workbench/api/node/extensionHostProcess.js:173:20477) setContext undefined
2024-07-02 02:07:56.838 [error] Canceled: Canceled
	at new A (/ide/out/vs/workbench/api/node/extensionHostProcess.js:143:50615)
	at E.U (/ide/out/vs/workbench/api/node/extensionHostProcess.js:150:6007)
	at z.<computed>.M.charCodeAt.R.CharCode.DollarSign.z.<computed> (/ide/out/vs/workbench/api/node/extensionHostProcess.js:150:3091)
	at h.g (/ide/out/vs/workbench/api/node/extensionHostProcess.js:153:199937)
	at h.executeCommand (/ide/out/vs/workbench/api/node/extensionHostProcess.js:153:199375)
	at I.registerCommand.description (/ide/out/vs/workbench/api/node/extensionHostProcess.js:153:198699)
	at h (/ide/out/vs/workbench/api/node/extensionHostProcess.js:153:200476)
	at h.g (/ide/out/vs/workbench/api/node/extensionHostProcess.js:153:199468)
	at h.executeCommand (/ide/out/vs/workbench/api/node/extensionHostProcess.js:153:199375)
	at Object.executeCommand (/ide/out/vs/workbench/api/node/extensionHostProcess.js:163:22742)
	at e (/workspace/.vscode-remote/extensions/github.vscode-pull-request-github-0.90.0-universal/dist/extension.js:2015:1695)
	at Object.n [as setContext] (/workspace/.vscode-remote/extensions/github.vscode-pull-request-github-0.90.0-universal/dist/extension.js:2015:1810)
	at zp.updateActiveReviewCount (/workspace/.vscode-remote/extensions/github.vscode-pull-request-github-0.90.0-universal/dist/extension.js:2088:23127)
	at zp.removeRepo (/workspace/.vscode-remote/extensions/github.vscode-pull-request-github-0.90.0-universal/dist/extension.js:2088:24310)
	at n.value (/workspace/.vscode-remote/extensions/github.vscode-pull-request-github-0.90.0-universal/dist/extension.js:2201:4212)
	at l.y (/ide/out/vs/workbench/api/node/extensionHostProcess.js:82:664)
	at l.z (/ide/out/vs/workbench/api/node/extensionHostProcess.js:82:734)
	at l.fire (/ide/out/vs/workbench/api/node/extensionHostProcess.js:82:950)
	at n.value (/workspace/.vscode-remote/extensions/github.vscode-pull-request-github-0.90.0-universal/dist/extension.js:1983:446997)
	at l.y (/ide/out/vs/workbench/api/node/extensionHostProcess.js:82:664)
	at l.fire (/ide/out/vs/workbench/api/node/extensionHostProcess.js:82:881)
	at /workspace/.vscode-remote/extensions/github.vscode-pull-request-github-0.90.0-universal/dist/extension.js:2088:28026
	at n.value (/ide/extensions/git/dist/main.js:2:1050764)
	at l.y (/ide/out/vs/workbench/api/node/extensionHostProcess.js:82:664)
	at l.z (/ide/out/vs/workbench/api/node/extensionHostProcess.js:82:734)
	at l.fire (/ide/out/vs/workbench/api/node/extensionHostProcess.js:82:950)
	at Object.p [as dispose] (/ide/extensions/git/dist/main.js:2:964275)
	at /ide/extensions/git/dist/main.js:2:970313
	at Array.forEach (<anonymous>)
	at f.dispose (/ide/extensions/git/dist/main.js:2:970299)
	at a.<anonymous> (/ide/out/vs/workbench/api/node/extensionHostProcess.js:151:4032)
	at a.dispose (/ide/out/vs/workbench/api/node/extensionHostProcess.js:151:4129)
	at a.<anonymous> (/ide/extensions/git/dist/main.js:2:947448)
	at a.dispose (/ide/out/vs/workbench/api/node/extensionHostProcess.js:151:4129)
	at f (/ide/out/vs/workbench/api/node/extensionHostProcess.js:30:744)
	at u.eb (/ide/out/vs/workbench/api/node/extensionHostProcess.js:159:9991)
	at /ide/out/vs/workbench/api/node/extensionHostProcess.js:159:7867
	at Array.map (<anonymous>)
	at u.$ (/ide/out/vs/workbench/api/node/extensionHostProcess.js:159:7854)
	at u.terminate (/ide/out/vs/workbench/api/node/extensionHostProcess.js:159:8127)
	at f.terminate (/ide/out/vs/workbench/api/node/extensionHostProcess.js:163:1513)
	at t (/ide/out/vs/workbench/api/node/extensionHostProcess.js:176:10459)
	at n.value (/ide/out/vs/workbench/api/node/extensionHostProcess.js:176:8427)
	at l.y (/ide/out/vs/workbench/api/node/extensionHostProcess.js:82:664)
	at l.fire (/ide/out/vs/workbench/api/node/extensionHostProcess.js:82:881)
	at s.fire (/ide/out/vs/workbench/api/node/extensionHostProcess.js:107:14502)
	at h.z (/ide/out/vs/workbench/api/node/extensionHostProcess.js:107:17638)
	at n.value (/ide/out/vs/workbench/api/node/extensionHostProcess.js:107:17012)
	at l.y (/ide/out/vs/workbench/api/node/extensionHostProcess.js:82:664)
	at l.fire (/ide/out/vs/workbench/api/node/extensionHostProcess.js:82:881)
	at u.acceptChunk (/ide/out/vs/workbench/api/node/extensionHostProcess.js:107:12248)
	at n.value (/ide/out/vs/workbench/api/node/extensionHostProcess.js:107:11518)
	at l.y (/ide/out/vs/workbench/api/node/extensionHostProcess.js:82:664)
	at l.fire (/ide/out/vs/workbench/api/node/extensionHostProcess.js:82:881)
	at n.z (/ide/out/vs/workbench/api/node/extensionHostProcess.js:173:20477) setContext undefined
2024-07-02 02:07:56.838 [error] Canceled: Canceled
	at new A (/ide/out/vs/workbench/api/node/extensionHostProcess.js:143:50615)
	at E.U (/ide/out/vs/workbench/api/node/extensionHostProcess.js:150:6007)
	at z.<computed>.M.charCodeAt.R.CharCode.DollarSign.z.<computed> (/ide/out/vs/workbench/api/node/extensionHostProcess.js:150:3091)
	at h.g (/ide/out/vs/workbench/api/node/extensionHostProcess.js:153:199937)
	at h.executeCommand (/ide/out/vs/workbench/api/node/extensionHostProcess.js:153:199375)
	at I.registerCommand.description (/ide/out/vs/workbench/api/node/extensionHostProcess.js:153:198699)
	at h (/ide/out/vs/workbench/api/node/extensionHostProcess.js:153:200476)
	at h.g (/ide/out/vs/workbench/api/node/extensionHostProcess.js:153:199468)
	at h.executeCommand (/ide/out/vs/workbench/api/node/extensionHostProcess.js:153:199375)
	at Object.executeCommand (/ide/out/vs/workbench/api/node/extensionHostProcess.js:163:22742)
	at e (/workspace/.vscode-remote/extensions/github.vscode-pull-request-github-0.90.0-universal/dist/extension.js:2015:1695)
	at Object.n [as setContext] (/workspace/.vscode-remote/extensions/github.vscode-pull-request-github-0.90.0-universal/dist/extension.js:2015:1810)
	at Um.setReviewModeContexts (/workspace/.vscode-remote/extensions/github.vscode-pull-request-github-0.90.0-universal/dist/extension.js:2188:15250)
	at Um.removePrFromView (/workspace/.vscode-remote/extensions/github.vscode-pull-request-github-0.90.0-universal/dist/extension.js:2188:15877)
	at Jc.clear (/workspace/.vscode-remote/extensions/github.vscode-pull-request-github-0.90.0-universal/dist/extension.js:2069:25776)
	at Jc.dispose (/workspace/.vscode-remote/extensions/github.vscode-pull-request-github-0.90.0-universal/dist/extension.js:2071:167)
	at $m.removeReviewManager (/workspace/.vscode-remote/extensions/github.vscode-pull-request-github-0.90.0-universal/dist/extension.js:2188:47227)
	at n.value (/workspace/.vscode-remote/extensions/github.vscode-pull-request-github-0.90.0-universal/dist/extension.js:2201:4229)
	at l.y (/ide/out/vs/workbench/api/node/extensionHostProcess.js:82:664)
	at l.z (/ide/out/vs/workbench/api/node/extensionHostProcess.js:82:734)
	at l.fire (/ide/out/vs/workbench/api/node/extensionHostProcess.js:82:950)
	at n.value (/workspace/.vscode-remote/extensions/github.vscode-pull-request-github-0.90.0-universal/dist/extension.js:1983:446997)
	at l.y (/ide/out/vs/workbench/api/node/extensionHostProcess.js:82:664)
	at l.fire (/ide/out/vs/workbench/api/node/extensionHostProcess.js:82:881)
	at /workspace/.vscode-remote/extensions/github.vscode-pull-request-github-0.90.0-universal/dist/extension.js:2088:28026
	at n.value (/ide/extensions/git/dist/main.js:2:1050764)
	at l.y (/ide/out/vs/workbench/api/node/extensionHostProcess.js:82:664)
	at l.z (/ide/out/vs/workbench/api/node/extensionHostProcess.js:82:734)
	at l.fire (/ide/out/vs/workbench/api/node/extensionHostProcess.js:82:950)
	at Object.p [as dispose] (/ide/extensions/git/dist/main.js:2:964275)
	at /ide/extensions/git/dist/main.js:2:970313
	at Array.forEach (<anonymous>)
	at f.dispose (/ide/extensions/git/dist/main.js:2:970299)
	at a.<anonymous> (/ide/out/vs/workbench/api/node/extensionHostProcess.js:151:4032)
	at a.dispose (/ide/out/vs/workbench/api/node/extensionHostProcess.js:151:4129)
	at a.<anonymous> (/ide/extensions/git/dist/main.js:2:947448)
	at a.dispose (/ide/out/vs/workbench/api/node/extensionHostProcess.js:151:4129)
	at f (/ide/out/vs/workbench/api/node/extensionHostProcess.js:30:744)
	at u.eb (/ide/out/vs/workbench/api/node/extensionHostProcess.js:159:9991)
	at /ide/out/vs/workbench/api/node/extensionHostProcess.js:159:7867
	at Array.map (<anonymous>)
	at u.$ (/ide/out/vs/workbench/api/node/extensionHostProcess.js:159:7854)
	at u.terminate (/ide/out/vs/workbench/api/node/extensionHostProcess.js:159:8127)
	at f.terminate (/ide/out/vs/workbench/api/node/extensionHostProcess.js:163:1513)
	at t (/ide/out/vs/workbench/api/node/extensionHostProcess.js:176:10459)
	at n.value (/ide/out/vs/workbench/api/node/extensionHostProcess.js:176:8427)
	at l.y (/ide/out/vs/workbench/api/node/extensionHostProcess.js:82:664)
	at l.fire (/ide/out/vs/workbench/api/node/extensionHostProcess.js:82:881)
	at s.fire (/ide/out/vs/workbench/api/node/extensionHostProcess.js:107:14502)
	at h.z (/ide/out/vs/workbench/api/node/extensionHostProcess.js:107:17638)
	at n.value (/ide/out/vs/workbench/api/node/extensionHostProcess.js:107:17012)
	at l.y (/ide/out/vs/workbench/api/node/extensionHostProcess.js:82:664)
	at l.fire (/ide/out/vs/workbench/api/node/extensionHostProcess.js:82:881)
	at u.acceptChunk (/ide/out/vs/workbench/api/node/extensionHostProcess.js:107:12248)
	at n.value (/ide/out/vs/workbench/api/node/extensionHostProcess.js:107:11518)
	at l.y (/ide/out/vs/workbench/api/node/extensionHostProcess.js:82:664)
	at l.fire (/ide/out/vs/workbench/api/node/extensionHostProcess.js:82:881)
	at n.z (/ide/out/vs/workbench/api/node/extensionHostProcess.js:173:20477) setContext undefined
2024-07-02 02:07:56.838 [error] Canceled: Canceled
	at new A (/ide/out/vs/workbench/api/node/extensionHostProcess.js:143:50615)
	at E.U (/ide/out/vs/workbench/api/node/extensionHostProcess.js:150:6007)
	at z.<computed>.M.charCodeAt.R.CharCode.DollarSign.z.<computed> (/ide/out/vs/workbench/api/node/extensionHostProcess.js:150:3091)
	at h.g (/ide/out/vs/workbench/api/node/extensionHostProcess.js:153:199937)
	at h.executeCommand (/ide/out/vs/workbench/api/node/extensionHostProcess.js:153:199375)
	at I.registerCommand.description (/ide/out/vs/workbench/api/node/extensionHostProcess.js:153:198699)
	at h (/ide/out/vs/workbench/api/node/extensionHostProcess.js:153:200476)
	at h.g (/ide/out/vs/workbench/api/node/extensionHostProcess.js:153:199468)
	at h.executeCommand (/ide/out/vs/workbench/api/node/extensionHostProcess.js:153:199375)
	at Object.executeCommand (/ide/out/vs/workbench/api/node/extensionHostProcess.js:163:22742)
	at G2.reset (/workspace/.vscode-remote/extensions/github.vscode-pull-request-github-0.90.0-universal/dist/extension.js:2188:8858)
	at G2.dispose (/workspace/.vscode-remote/extensions/github.vscode-pull-request-github-0.90.0-universal/dist/extension.js:2188:9129)
	at f (/ide/out/vs/workbench/api/node/extensionHostProcess.js:30:744)
	at u.eb (/ide/out/vs/workbench/api/node/extensionHostProcess.js:159:9991)
	at /ide/out/vs/workbench/api/node/extensionHostProcess.js:159:7867
	at Array.map (<anonymous>)
	at u.$ (/ide/out/vs/workbench/api/node/extensionHostProcess.js:159:7854)
	at u.terminate (/ide/out/vs/workbench/api/node/extensionHostProcess.js:159:8127)
	at f.terminate (/ide/out/vs/workbench/api/node/extensionHostProcess.js:163:1513)
	at t (/ide/out/vs/workbench/api/node/extensionHostProcess.js:176:10459)
	at n.value (/ide/out/vs/workbench/api/node/extensionHostProcess.js:176:8427)
	at l.y (/ide/out/vs/workbench/api/node/extensionHostProcess.js:82:664)
	at l.fire (/ide/out/vs/workbench/api/node/extensionHostProcess.js:82:881)
	at s.fire (/ide/out/vs/workbench/api/node/extensionHostProcess.js:107:14502)
	at h.z (/ide/out/vs/workbench/api/node/extensionHostProcess.js:107:17638)
	at n.value (/ide/out/vs/workbench/api/node/extensionHostProcess.js:107:17012)
	at l.y (/ide/out/vs/workbench/api/node/extensionHostProcess.js:82:664)
	at l.fire (/ide/out/vs/workbench/api/node/extensionHostProcess.js:82:881)
	at u.acceptChunk (/ide/out/vs/workbench/api/node/extensionHostProcess.js:107:12248)
	at n.value (/ide/out/vs/workbench/api/node/extensionHostProcess.js:107:11518)
	at l.y (/ide/out/vs/workbench/api/node/extensionHostProcess.js:82:664)
	at l.fire (/ide/out/vs/workbench/api/node/extensionHostProcess.js:82:881)
	at n.z (/ide/out/vs/workbench/api/node/extensionHostProcess.js:173:20477) setContext undefined
2024-07-02 02:07:56.841 [info] Extension host with pid 613 exiting with code 0
