2024-07-02 00:58:17.697 [warning] /home/gitpod/.ssh/config: ENOENT: no such file or directory, open '/home/gitpod/.ssh/config'
2024-07-02 00:58:17.697 [info] Activation> Extension version: 0.90.0
2024-07-02 00:58:18.917 [info] Looking for git repository
2024-07-02 00:58:18.917 [info] Found 0 repositories during activation
2024-07-02 00:58:18.917 [info] Git repository found, initializing review manager and pr tree view.
2024-07-02 00:58:18.921 [info] Registering git provider
2024-07-02 00:58:18.921 [info] Review+0> Validate state in progress
2024-07-02 00:58:18.921 [info] Review+0> Validating state...
2024-07-02 00:58:19.009 [info] Found GitHub remote for folder /workspace/project
2024-07-02 00:58:19.011 [info] Trying to use globalState for assignableUsers.
2024-07-02 00:58:19.025 [info] Review+0> No matching pull request metadata found locally for current branch main
2024-07-02 00:58:19.025 [info] Review+0> No matching pull request metadata found on GitHub for current branch main
2024-07-02 00:58:19.116 [info] GlobalState does not exist for assignableUsers.
2024-07-02 00:58:43.107 [info] Review+0> Validate state in progress
2024-07-02 00:58:43.108 [info] Review+0> Validating state...
2024-07-02 00:58:43.108 [info] Repo state for file:///workspace/project changed.
2024-07-02 00:58:43.108 [info] Repo file:///workspace/project has already been setup.
2024-07-02 00:58:43.200 [info] Found GitHub remote for folder /workspace/project
2024-07-02 00:58:43.201 [info] Using in-memory cached assignable users.
2024-07-02 00:58:43.209 [info] Review+0> No matching pull request metadata found locally for current branch main
2024-07-02 00:58:43.209 [info] Review+0> No matching pull request metadata found on GitHub for current branch main
2024-07-02 00:58:48.147 [info] Review+0> Validate state in progress
2024-07-02 00:58:48.147 [info] Review+0> Validating state...
2024-07-02 00:58:48.236 [info] Found GitHub remote for folder /workspace/project
2024-07-02 00:58:48.236 [info] Using in-memory cached assignable users.
2024-07-02 00:58:48.244 [info] Review+0> No matching pull request metadata found locally for current branch main
2024-07-02 00:58:48.244 [info] Review+0> No matching pull request metadata found on GitHub for current branch main
