2024-07-02 00:58:16.597 [info] Log level: Info
2024-07-02 00:58:16.597 [info] VSCODE_MACHINE_ID: 7383d96c-26fd-4a06-a04a-5e8b090df1fe
2024-07-02 00:58:16.597 [info] VSCODE_SESSION_ID: a1865a2a-eb00-4b6e-a41f-07240e4008201719881891964
2024-07-02 00:58:16.597 [info] VSCODE_VERSION: 1.90.2
2024-07-02 00:58:16.597 [info] VSCODE_APP_NAME: Gitpod Code
2024-07-02 00:58:16.597 [info] VSCODE_APP_HOST: Gitpod
2024-07-02 00:58:16.597 [info] VSCODE_UI_KIND: web
2024-07-02 00:58:16.597 [info] GITPOD_WORKSPACE_CONTEXT_URL: https://github.com/freeCodeCamp/learn-number-guessing-game
2024-07-02 00:58:16.597 [info] GITPOD_INSTANCE_ID: c583f567-e39a-4e90-b0ab-87ee4c50a8ab
2024-07-02 00:58:16.597 [info] GITPOD_WORKSPACE_URL: https://freecodecam-learnnumber-55mtevckruh.ws-us114.gitpod.io
2024-07-02 00:58:16.597 [info] Gitpod Web 7ff72a2
2024-07-02 00:58:16.597 [info] Reading sessions from keychain...
2024-07-02 00:58:16.696 [info] Getting sessions for all scopes...
2024-07-02 00:58:16.696 [info] Getting GitHub sessions for all scopes...
2024-07-02 00:58:16.696 [info] Got stored sessions!
2024-07-02 00:58:16.696 [info] Verified session with the following scopes: function:accessCodeSyncStorage function:closePort function:controlAdmission function:deleteEnvVar function:generateNewGitpodToken function:getDefaultWorkspaceImage function:getEnvVars function:getGitpodTokenScopes function:getIDToken function:getLoggedInUser function:getOpenPorts function:getSupportedWorkspaceClasses function:getTeams function:getToken function:getWorkspace function:getWorkspaceEnvVars function:getWorkspaceOwner function:getWorkspaceTimeout function:getWorkspaceUsers function:guessGitTokenScopes function:isWorkspaceOwner function:openPort function:sendHeartBeat function:setEnvVar function:setWorkspaceTimeout function:stopWorkspace function:takeSnapshot function:trackEvent function:updateGitStatus function:waitForSnapshot resource:contentBlob::*::create/get resource:envVar::freeCodeCamp/learn-number-guessing-game::create/get/update/delete resource:gitpodToken::*::create resource:snapshot::ws-freecodecam-learnnumber-55mtevckruh::create resource:token::*::get resource:userStorage::*::create/get/update resource:workspace::freecodecam-learnnumber-55mtevckruh::get/update resource:workspaceInstance::c583f567-e39a-4e90-b0ab-87ee4c50a8ab::get/update/delete
2024-07-02 00:58:16.696 [info] Got 1 verified sessions.
2024-07-02 00:58:16.696 [info] Got 1 sessions for all scopes...
2024-07-02 00:58:16.783 [info] Got 1 GitHub sessions for all scopes...
2024-07-02 00:58:16.917 [info] Getting sessions for all scopes...
2024-07-02 00:58:16.917 [info] Got 1 sessions for all scopes...
2024-07-02 00:58:16.951 [info] Getting GitHub sessions for all scopes...
2024-07-02 00:58:16.951 [info] Got 1 GitHub sessions for all scopes...
2024-07-02 00:58:17.504 [info] Getting sessions for function:accessCodeSyncStorage...
2024-07-02 00:58:17.504 [info] Got 1 sessions for function:accessCodeSyncStorage...
2024-07-02 00:58:17.697 [info] Getting GitHub sessions for read:user,repo,user:email,workflow...
2024-07-02 00:58:17.697 [info] Got 0 GitHub sessions for read:user,repo,user:email,workflow...
2024-07-02 00:58:17.967 [info] Getting GitHub sessions for project,read:org,read:user,repo,user:email,workflow...
2024-07-02 00:58:17.967 [info] Got 0 GitHub sessions for project,read:org,read:user,repo,user:email,workflow...
2024-07-02 00:58:18.209 [info] Getting GitHub sessions for read:user,repo,user:email,workflow...
2024-07-02 00:58:18.209 [info] Got 0 GitHub sessions for read:user,repo,user:email,workflow...
2024-07-02 00:58:18.460 [info] Getting GitHub sessions for read:user,repo,user:email...
2024-07-02 00:58:18.460 [info] Got 0 GitHub sessions for read:user,repo,user:email...
2024-07-02 00:58:18.828 [info] Getting GitHub sessions for read:user,repo,user:email,workflow...
2024-07-02 00:58:18.828 [info] Got 0 GitHub sessions for read:user,repo,user:email,workflow...
