coderoad v0.19.4
STATE: "Setup.Startup"
ROUTE: "Setup.Startup": On level unknown, step unknown
EDITOR_STARTUP
Using tutorial url from env: https://raw.githubusercontent.com/freeCodeCamp/learn-number-guessing-game/main/tutorial.json
Tutorial: Number Guessing Game (2.0.0)
START_TUTORIAL_FROM_URL
EDITOR_TUTORIAL_CONFIG
Calling command: node --version
STATE: "Setup.SetupNewTutorial"
ROUTE: "Setup.SetupNewTutorial": On level unknown, step unknown
Workspace path: /workspace/project/.git
Check file exists: /workspace/project/.git
Calling command: git ls-remote --exit-code --heads https://github.com/freeCodeCamp/learn-number-guessing-game
Calling command: git ls-remote --exit-code --heads https://github.com/freeCodeCamp/learn-number-guessing-game v2.0.0
Calling command: git remote -v
Calling command: git remote add coderoad https://github.com/freeCodeCamp/learn-number-guessing-game && git fetch coderoad
Calling command: git log -n 1 --pretty=format:%s b177f5fed5917a41b8f54940fd9281e391736fd0
Calling command: git log -g --grep='INIT'
Calling command: git cherry-pick -X theirs b177f5fed5917a41b8f54940fd9281e391736fd0
cherry-pick-commit failed: Command failed: git cherry-pick -X theirs b177f5fed5917a41b8f54940fd9281e391736fd0
error: Your local changes to the following files would be overwritten by merge:
	.gitignore
Please commit your changes or stash them before you merge.
Aborting
fatal: cherry-pick failed

Calling command: git stash --include-untracked
Calling command: git cherry-pick -X theirs b177f5fed5917a41b8f54940fd9281e391736fd0
Command: ./.freeCodeCamp/setup.sh
COMMAND_START
Calling command: ./.freeCodeCamp/setup.sh
STATE: "Setup.SetupNewTutorial"
ROUTE: "Setup.SetupNewTutorial": On level unknown, step unknown
Command output:  * Stopping PostgreSQL 12 database server
   ...done.
 * Starting PostgreSQL 12 database server
   ...done.

COMMAND_SUCCESS
Command: cd .freeCodeCamp && npm install
COMMAND_START
Calling command: cd .freeCodeCamp && npm install
STATE: "Setup.SetupNewTutorial"
ROUTE: "Setup.SetupNewTutorial": On level unknown, step unknown
STATE: "Setup.SetupNewTutorial"
ROUTE: "Setup.SetupNewTutorial": On level unknown, step unknown
Command failed: npm WARN old lockfile 
npm WARN old lockfile The package-lock.json file was created with an old version of npm,
npm WARN old lockfile so supplemental metadata must be fetched from the registry.
npm WARN old lockfile 
npm WARN old lockfile This is a one-time fix-up, please be patient...
npm WARN old lockfile 
npm WARN deprecated inflight@1.0.6: This module is not supported, and leaks memory. Do not use it. Check out lru-cache if you want a good and tested way to coalesce async requests by a key value, which is much more comprehensive and powerful.
npm WARN deprecated glob@7.1.3: Glob versions prior to v9 are no longer supported
npm WARN deprecated debug@3.2.6: Debug versions >=3.2.0 <3.2.7 || >=4 <4.3.1 have a low-severity ReDos regression when used in a Node.js environment. It is recommended you upgrade to 3.2.7 or 4.3.1. (https://github.com/visionmedia/debug/issues/797)
npm notice 
npm notice New minor version of npm available! 10.2.4 -> 10.8.1
npm notice Changelog: <https://github.com/npm/cli/releases/tag/v10.8.1>
npm notice Run `npm install -g npm@10.8.1` to update!
npm notice 

COMMAND_FAIL
TUTORIAL_CONFIGURED
STATE: "Setup.SetupNewTutorial"
ROUTE: "Setup.SetupNewTutorial": On level unknown, step unknown
STATE: "Setup.StartTutorial"
ROUTE: "Setup.StartTutorial": On level 1, step 1.1
EDITOR_LEVEL_ENTER
EDITOR_STEP_ENTER
EDITOR_RUN_TEST
------------------- RUN TEST -------------------
START_TEST
COMMAND: npm run programmatic-test --reporter=mocha-tap-reporter
Calling command: npm run programmatic-test --reporter=mocha-tap-reporter
STATE: "Tutorial.Level.Load"
ROUTE: "Tutorial.Level.Load": On level 1, step 1.1
STATE: "Tutorial.Level.Normal"
ROUTE: "Tutorial.Level.Normal": On level 1, step 1.1
Calling command: git log -n 1 --pretty=format:%s 4fa49de0813232340d15fa81ec72494815789b21
Calling command: git log -g --grep='1.1'
Calling command: git cherry-pick -X theirs 4fa49de0813232340d15fa81ec72494815789b21
STATE: "Tutorial.Level.TestRunning"
ROUTE: "Tutorial.Level.TestRunning": On level 1, step 1.1
---------------- TEST RESULTS -----------------
An error occurred running ./number_guessing_game/number_guess.sh
/bin/sh: 1: ./number_guessing_game/number_guess.sh: not found
An error occurred running ./number_guessing_game/number_guess.sh
/bin/sh: 1: ./number_guessing_game/number_guess.sh: not found
An error occurred running ./number_guessing_game/number_guess.sh
/bin/sh: 1: ./number_guessing_game/number_guess.sh: not found
An error occurred running ./number_guessing_game/number_guess.sh
/bin/sh: 1: ./number_guessing_game/number_guess.sh: not found
An error occurred running ./number_guessing_game/number_guess.sh
/bin/sh: 1: ./number_guessing_game/number_guess.sh: not found
An error occurred running ./number_guessing_game/number_guess.sh
/bin/sh: 1: ./number_guessing_game/number_guess.sh: not found
An error occurred running ./number_guessing_game/number_guess.sh
/bin/sh: 1: ./number_guessing_game/number_guess.sh: not found
TEST_FAIL
STATE: "Tutorial.Level.Normal"
ROUTE: "Tutorial.Level.Normal": On level 1, step 1.1
EDITOR_RUN_TEST
------------------- RUN TEST -------------------
START_TEST
COMMAND: npm run programmatic-test --reporter=mocha-tap-reporter
Calling command: npm run programmatic-test --reporter=mocha-tap-reporter
STATE: "Tutorial.Level.Normal"
ROUTE: "Tutorial.Level.Normal": On level 1, step 1.1
STATE: "Tutorial.Level.TestRunning"
ROUTE: "Tutorial.Level.TestRunning": On level 1, step 1.1
---------------- TEST RESULTS -----------------
TEST_FAIL
STATE: "Tutorial.Level.Normal"
ROUTE: "Tutorial.Level.Normal": On level 1, step 1.1
